2014-06-07 15:23:18: -- anunciaya: ANALYSIS started by User on 'EMILIA' (GoodSync 9.7.6.6)
2014-06-07 15:23:18: Z:\anunciosbolivar (Z:/anunciosbolivar) <-> C:\wamp\www\anunciosbolivar (C:/wamp/www/anunciosbolivar), UberUnlocked, OnFileChangeDelay=60
2014-06-07 15:23:18: L: Files: 31 (excluded 5). Folders: 11 (excluded 1). Z: \\192.168.0.103\htdocs NTFS, Free: 122 GB, Total: 186 GB
2014-06-07 15:23:18: R: Files: 126 (excluded 5). Folders: 21 (excluded 1). C: NTFS, Free: 395 GB, Total: 650 GB
2014-06-07 15:23:19: Changes: 110, Conflicts: 0, CopyTime: 0, CopyState: 0/0, Errors: 0
2014-06-07 15:23:19: Left to Right: Copy File: 3 
2014-06-07 15:23:19: Right to Left: Copy File: 107 
2014-06-07 15:23:19: -- Analysis Completed. Time 00:00:00, Speed: Many files/s
2014-06-07 15:23:19: 
2014-06-07 15:23:20: == anunciaya: SYNC started by User on 'EMILIA'
2014-06-07 15:23:20: Z:\anunciosbolivar (Z:/anunciosbolivar) <-> C:\wamp\www\anunciosbolivar (C:/wamp/www/anunciosbolivar), UberUnlocked, OnFileChangeDelay=60
2014-06-07 15:23:20: Create Folder 'Z:/anunciosbolivar/css/bootstrap'
2014-06-07 15:23:20: Create Folder 'Z:/anunciosbolivar/css/bootstrap/css'
2014-06-07 15:23:20: Create Folder 'Z:/anunciosbolivar/css/bootstrap/fonts'
2014-06-07 15:23:20: Create Folder 'Z:/anunciosbolivar/css/bootstrap/js'
2014-06-07 15:23:20: Create Folder 'Z:/anunciosbolivar/css/unsemantic'
2014-06-07 15:23:20: Create Folder 'Z:/anunciosbolivar/css/unsemantic/assets'
2014-06-07 15:23:20: Create Folder 'Z:/anunciosbolivar/css/unsemantic/assets/javascripts'
2014-06-07 15:23:20: Create Folder 'Z:/anunciosbolivar/css/unsemantic/assets/sass'
2014-06-07 15:23:20: Create Folder 'Z:/anunciosbolivar/css/unsemantic/assets/sass/partials'
2014-06-07 15:23:20: Create Folder 'Z:/anunciosbolivar/css/unsemantic/assets/stylesheets'
2014-06-07 15:23:20: Copy New 'C:/wamp/www/anunciosbolivar/css/bootstrap/css/bootstrap-theme.css' -> 'Z:/anunciosbolivar/css/bootstrap/css/bootstrap-theme.css'
2014-06-07 15:23:21: Copy New 'C:/wamp/www/anunciosbolivar/css/bootstrap/css/bootstrap-theme.css.map' -> 'Z:/anunciosbolivar/css/bootstrap/css/bootstrap-theme.css.map'
2014-06-07 15:23:21: Copy New 'C:/wamp/www/anunciosbolivar/css/bootstrap/css/bootstrap-theme.min.css' -> 'Z:/anunciosbolivar/css/bootstrap/css/bootstrap-theme.min.css'
2014-06-07 15:23:21: Copy New 'C:/wamp/www/anunciosbolivar/css/bootstrap/css/bootstrap.css' -> 'Z:/anunciosbolivar/css/bootstrap/css/bootstrap.css'
2014-06-07 15:23:21: Copy New 'C:/wamp/www/anunciosbolivar/css/bootstrap/css/bootstrap.css.map' -> 'Z:/anunciosbolivar/css/bootstrap/css/bootstrap.css.map'
2014-06-07 15:23:22: Copy New 'C:/wamp/www/anunciosbolivar/css/bootstrap/css/bootstrap.min.css' -> 'Z:/anunciosbolivar/css/bootstrap/css/bootstrap.min.css'
2014-06-07 15:23:22: Copy New 'C:/wamp/www/anunciosbolivar/css/bootstrap/fonts/glyphicons-halflings-regular.eot' -> 'Z:/anunciosbolivar/css/bootstrap/fonts/glyphicons-halflings-regular.eot'
2014-06-07 15:23:22: Copy New 'C:/wamp/www/anunciosbolivar/css/bootstrap/fonts/glyphicons-halflings-regular.svg' -> 'Z:/anunciosbolivar/css/bootstrap/fonts/glyphicons-halflings-regular.svg'
2014-06-07 15:23:22: Copy New 'C:/wamp/www/anunciosbolivar/css/bootstrap/fonts/glyphicons-halflings-regular.ttf' -> 'Z:/anunciosbolivar/css/bootstrap/fonts/glyphicons-halflings-regular.ttf'
2014-06-07 15:23:22: Copy New 'C:/wamp/www/anunciosbolivar/css/bootstrap/fonts/glyphicons-halflings-regular.woff' -> 'Z:/anunciosbolivar/css/bootstrap/fonts/glyphicons-halflings-regular.woff'
2014-06-07 15:23:23: Copy New 'C:/wamp/www/anunciosbolivar/css/bootstrap/js/bootstrap.js' -> 'Z:/anunciosbolivar/css/bootstrap/js/bootstrap.js'
2014-06-07 15:23:23: Copy New 'C:/wamp/www/anunciosbolivar/css/bootstrap/js/bootstrap.min.js' -> 'Z:/anunciosbolivar/css/bootstrap/js/bootstrap.min.js'
2014-06-07 15:23:23: Copy New 'C:/wamp/www/anunciosbolivar/css/unsemantic/.gitignore' -> 'Z:/anunciosbolivar/css/unsemantic/.gitignore'
2014-06-07 15:23:23: Copy New 'C:/wamp/www/anunciosbolivar/css/unsemantic/adapt-rtl.html' -> 'Z:/anunciosbolivar/css/unsemantic/adapt-rtl.html'
2014-06-07 15:23:23: Copy New 'C:/wamp/www/anunciosbolivar/css/unsemantic/adapt.html' -> 'Z:/anunciosbolivar/css/unsemantic/adapt.html'
2014-06-07 15:23:23: Copy New 'C:/wamp/www/anunciosbolivar/css/unsemantic/assets/javascripts/adapt.min.js' -> 'Z:/anunciosbolivar/css/unsemantic/assets/javascripts/adapt.min.js'
2014-06-07 15:23:24: Copy New 'C:/wamp/www/anunciosbolivar/css/unsemantic/assets/javascripts/demo.js' -> 'Z:/anunciosbolivar/css/unsemantic/assets/javascripts/demo.js'
2014-06-07 15:23:24: Copy New 'C:/wamp/www/anunciosbolivar/css/unsemantic/assets/javascripts/html5.js' -> 'Z:/anunciosbolivar/css/unsemantic/assets/javascripts/html5.js'
2014-06-07 15:23:24: Copy New 'C:/wamp/www/anunciosbolivar/css/unsemantic/assets/javascripts/jquery.js' -> 'Z:/anunciosbolivar/css/unsemantic/assets/javascripts/jquery.js'
2014-06-07 15:23:25: Copy New 'C:/wamp/www/anunciosbolivar/css/unsemantic/assets/sass/demo.scss' -> 'Z:/anunciosbolivar/css/unsemantic/assets/sass/demo.scss'
2014-06-07 15:23:25: Copy New 'C:/wamp/www/anunciosbolivar/css/unsemantic/assets/sass/ie-rtl.scss' -> 'Z:/anunciosbolivar/css/unsemantic/assets/sass/ie-rtl.scss'
2014-06-07 15:23:25: Copy New 'C:/wamp/www/anunciosbolivar/css/unsemantic/assets/sass/ie.scss' -> 'Z:/anunciosbolivar/css/unsemantic/assets/sass/ie.scss'
2014-06-07 15:23:25: Copy New 'C:/wamp/www/anunciosbolivar/css/unsemantic/assets/sass/partials/_demo.scss' -> 'Z:/anunciosbolivar/css/unsemantic/assets/sass/partials/_demo.scss'
2014-06-07 15:23:25: Copy New 'C:/wamp/www/anunciosbolivar/css/unsemantic/assets/sass/partials/_ie.scss' -> 'Z:/anunciosbolivar/css/unsemantic/assets/sass/partials/_ie.scss'
2014-06-07 15:23:25: Copy New 'C:/wamp/www/anunciosbolivar/css/unsemantic/assets/sass/partials/_reset.scss' -> 'Z:/anunciosbolivar/css/unsemantic/assets/sass/partials/_reset.scss'
2014-06-07 15:23:26: Copy New 'C:/wamp/www/anunciosbolivar/css/unsemantic/assets/sass/partials/_text.scss' -> 'Z:/anunciosbolivar/css/unsemantic/assets/sass/partials/_text.scss'
2014-06-07 15:23:26: Copy New 'C:/wamp/www/anunciosbolivar/css/unsemantic/assets/sass/partials/_unsemantic-grid-responsive-tablet.scss' -> 'Z:/anunciosbolivar/css/unsemantic/assets/sass/partials/_unsemantic-grid-responsive-tablet.scss'
2014-06-07 15:23:26: Copy New 'C:/wamp/www/anunciosbolivar/css/unsemantic/assets/sass/partials/_unsemantic-grid-responsive.scss' -> 'Z:/anunciosbolivar/css/unsemantic/assets/sass/partials/_unsemantic-grid-responsive.scss'
2014-06-07 15:23:26: Copy New 'C:/wamp/www/anunciosbolivar/css/unsemantic/assets/sass/partials/_unsemantic-ie-snap.scss' -> 'Z:/anunciosbolivar/css/unsemantic/assets/sass/partials/_unsemantic-ie-snap.scss'
2014-06-07 15:23:26: Copy New 'C:/wamp/www/anunciosbolivar/css/unsemantic/assets/sass/partials/_unsemantic-vars.scss' -> 'Z:/anunciosbolivar/css/unsemantic/assets/sass/partials/_unsemantic-vars.scss'
2014-06-07 15:23:26: Copy New 'C:/wamp/www/anunciosbolivar/css/unsemantic/assets/sass/unsemantic-grid-base-no-ie7-rtl.scss' -> 'Z:/anunciosbolivar/css/unsemantic/assets/sass/unsemantic-grid-base-no-ie7-rtl.scss'
2014-06-07 15:23:27: Copy New 'C:/wamp/www/anunciosbolivar/css/unsemantic/assets/sass/unsemantic-grid-base-no-ie7.scss' -> 'Z:/anunciosbolivar/css/unsemantic/assets/sass/unsemantic-grid-base-no-ie7.scss'
2014-06-07 15:23:27: Copy New 'C:/wamp/www/anunciosbolivar/css/unsemantic/assets/sass/unsemantic-grid-base-rtl.scss' -> 'Z:/anunciosbolivar/css/unsemantic/assets/sass/unsemantic-grid-base-rtl.scss'
2014-06-07 15:23:27: Copy New 'C:/wamp/www/anunciosbolivar/css/unsemantic/assets/sass/unsemantic-grid-base-tablet-no-ie7-rtl.scss' -> 'Z:/anunciosbolivar/css/unsemantic/assets/sass/unsemantic-grid-base-tablet-no-ie7-rtl.scss'
2014-06-07 15:23:27: Copy New 'C:/wamp/www/anunciosbolivar/css/unsemantic/assets/sass/unsemantic-grid-base-tablet-no-ie7.scss' -> 'Z:/anunciosbolivar/css/unsemantic/assets/sass/unsemantic-grid-base-tablet-no-ie7.scss'
2014-06-07 15:23:27: Copy New 'C:/wamp/www/anunciosbolivar/css/unsemantic/assets/sass/unsemantic-grid-base-tablet-rtl.scss' -> 'Z:/anunciosbolivar/css/unsemantic/assets/sass/unsemantic-grid-base-tablet-rtl.scss'
2014-06-07 15:23:27: Copy New 'C:/wamp/www/anunciosbolivar/css/unsemantic/assets/sass/unsemantic-grid-base-tablet.scss' -> 'Z:/anunciosbolivar/css/unsemantic/assets/sass/unsemantic-grid-base-tablet.scss'
2014-06-07 15:23:28: Copy New 'C:/wamp/www/anunciosbolivar/css/unsemantic/assets/sass/unsemantic-grid-base.scss' -> 'Z:/anunciosbolivar/css/unsemantic/assets/sass/unsemantic-grid-base.scss'
2014-06-07 15:23:28: Copy New 'C:/wamp/www/anunciosbolivar/css/unsemantic/assets/sass/unsemantic-grid-desktop-no-ie7-rtl.scss' -> 'Z:/anunciosbolivar/css/unsemantic/assets/sass/unsemantic-grid-desktop-no-ie7-rtl.scss'
2014-06-07 15:23:28: Copy New 'C:/wamp/www/anunciosbolivar/css/unsemantic/assets/sass/unsemantic-grid-desktop-no-ie7.scss' -> 'Z:/anunciosbolivar/css/unsemantic/assets/sass/unsemantic-grid-desktop-no-ie7.scss'
2014-06-07 15:23:28: Copy New 'C:/wamp/www/anunciosbolivar/css/unsemantic/assets/sass/unsemantic-grid-desktop-rtl.scss' -> 'Z:/anunciosbolivar/css/unsemantic/assets/sass/unsemantic-grid-desktop-rtl.scss'
2014-06-07 15:23:29: Copy New 'C:/wamp/www/anunciosbolivar/css/unsemantic/assets/sass/unsemantic-grid-desktop.scss' -> 'Z:/anunciosbolivar/css/unsemantic/assets/sass/unsemantic-grid-desktop.scss'
2014-06-07 15:23:29: Copy New 'C:/wamp/www/anunciosbolivar/css/unsemantic/assets/sass/unsemantic-grid-mobile-no-ie7-rtl.scss' -> 'Z:/anunciosbolivar/css/unsemantic/assets/sass/unsemantic-grid-mobile-no-ie7-rtl.scss'
2014-06-07 15:23:29: Copy New 'C:/wamp/www/anunciosbolivar/css/unsemantic/assets/sass/unsemantic-grid-mobile-no-ie7.scss' -> 'Z:/anunciosbolivar/css/unsemantic/assets/sass/unsemantic-grid-mobile-no-ie7.scss'
2014-06-07 15:23:29: Copy New 'C:/wamp/www/anunciosbolivar/css/unsemantic/assets/sass/unsemantic-grid-mobile-rtl.scss' -> 'Z:/anunciosbolivar/css/unsemantic/assets/sass/unsemantic-grid-mobile-rtl.scss'
2014-06-07 15:23:29: Copy New 'C:/wamp/www/anunciosbolivar/css/unsemantic/assets/sass/unsemantic-grid-mobile.scss' -> 'Z:/anunciosbolivar/css/unsemantic/assets/sass/unsemantic-grid-mobile.scss'
2014-06-07 15:23:29: Copy New 'C:/wamp/www/anunciosbolivar/css/unsemantic/assets/sass/unsemantic-grid-responsive-no-ie7-rtl.scss' -> 'Z:/anunciosbolivar/css/unsemantic/assets/sass/unsemantic-grid-responsive-no-ie7-rtl.scss'
2014-06-07 15:23:31: Copy New 'C:/wamp/www/anunciosbolivar/css/unsemantic/assets/sass/unsemantic-grid-responsive-no-ie7.scss' -> 'Z:/anunciosbolivar/css/unsemantic/assets/sass/unsemantic-grid-responsive-no-ie7.scss'
2014-06-07 15:23:31: Copy New 'C:/wamp/www/anunciosbolivar/css/unsemantic/assets/sass/unsemantic-grid-responsive-rtl.scss' -> 'Z:/anunciosbolivar/css/unsemantic/assets/sass/unsemantic-grid-responsive-rtl.scss'
2014-06-07 15:23:31: Copy New 'C:/wamp/www/anunciosbolivar/css/unsemantic/assets/sass/unsemantic-grid-responsive-tablet-no-ie7-rtl.scss' -> 'Z:/anunciosbolivar/css/unsemantic/assets/sass/unsemantic-grid-responsive-tablet-no-ie7-rtl.scss'
2014-06-07 15:23:31: Copy New 'C:/wamp/www/anunciosbolivar/css/unsemantic/assets/sass/unsemantic-grid-responsive-tablet-no-ie7.scss' -> 'Z:/anunciosbolivar/css/unsemantic/assets/sass/unsemantic-grid-responsive-tablet-no-ie7.scss'
2014-06-07 15:23:31: Copy New 'C:/wamp/www/anunciosbolivar/css/unsemantic/assets/sass/unsemantic-grid-responsive-tablet-rtl.scss' -> 'Z:/anunciosbolivar/css/unsemantic/assets/sass/unsemantic-grid-responsive-tablet-rtl.scss'
2014-06-07 15:23:31: Copy New 'C:/wamp/www/anunciosbolivar/css/unsemantic/assets/sass/unsemantic-grid-responsive-tablet.scss' -> 'Z:/anunciosbolivar/css/unsemantic/assets/sass/unsemantic-grid-responsive-tablet.scss'
2014-06-07 15:23:31: Copy New 'C:/wamp/www/anunciosbolivar/css/unsemantic/assets/sass/unsemantic-grid-responsive.scss' -> 'Z:/anunciosbolivar/css/unsemantic/assets/sass/unsemantic-grid-responsive.scss'
2014-06-07 15:23:32: Copy New 'C:/wamp/www/anunciosbolivar/css/unsemantic/assets/sass/unsemantic-grid-tablet-no-ie7-rtl.scss' -> 'Z:/anunciosbolivar/css/unsemantic/assets/sass/unsemantic-grid-tablet-no-ie7-rtl.scss'
2014-06-07 15:23:32: Copy New 'C:/wamp/www/anunciosbolivar/css/unsemantic/assets/sass/unsemantic-grid-tablet-no-ie7.scss' -> 'Z:/anunciosbolivar/css/unsemantic/assets/sass/unsemantic-grid-tablet-no-ie7.scss'
2014-06-07 15:23:32: Copy New 'C:/wamp/www/anunciosbolivar/css/unsemantic/assets/sass/unsemantic-grid-tablet-rtl.scss' -> 'Z:/anunciosbolivar/css/unsemantic/assets/sass/unsemantic-grid-tablet-rtl.scss'
2014-06-07 15:23:32: Copy New 'C:/wamp/www/anunciosbolivar/css/unsemantic/assets/sass/unsemantic-grid-tablet.scss' -> 'Z:/anunciosbolivar/css/unsemantic/assets/sass/unsemantic-grid-tablet.scss'
2014-06-07 15:23:33: Copy New 'C:/wamp/www/anunciosbolivar/css/unsemantic/assets/stylesheets/demo.css' -> 'Z:/anunciosbolivar/css/unsemantic/assets/stylesheets/demo.css'
2014-06-07 15:23:33: Copy New 'C:/wamp/www/anunciosbolivar/css/unsemantic/assets/stylesheets/ie-rtl.css' -> 'Z:/anunciosbolivar/css/unsemantic/assets/stylesheets/ie-rtl.css'
2014-06-07 15:23:33: Copy New 'C:/wamp/www/anunciosbolivar/css/unsemantic/assets/stylesheets/ie.css' -> 'Z:/anunciosbolivar/css/unsemantic/assets/stylesheets/ie.css'
2014-06-07 15:23:33: Copy New 'C:/wamp/www/anunciosbolivar/css/unsemantic/assets/stylesheets/unsemantic-grid-base-no-ie7-rtl.css' -> 'Z:/anunciosbolivar/css/unsemantic/assets/stylesheets/unsemantic-grid-base-no-ie7-rtl.css'
2014-06-07 15:23:33: Copy New 'C:/wamp/www/anunciosbolivar/css/unsemantic/assets/stylesheets/unsemantic-grid-base-no-ie7.css' -> 'Z:/anunciosbolivar/css/unsemantic/assets/stylesheets/unsemantic-grid-base-no-ie7.css'
2014-06-07 15:23:33: Copy New 'C:/wamp/www/anunciosbolivar/css/unsemantic/assets/stylesheets/unsemantic-grid-base-rtl.css' -> 'Z:/anunciosbolivar/css/unsemantic/assets/stylesheets/unsemantic-grid-base-rtl.css'
2014-06-07 15:23:34: Copy New 'C:/wamp/www/anunciosbolivar/css/unsemantic/assets/stylesheets/unsemantic-grid-base-tablet-no-ie7-rtl.css' -> 'Z:/anunciosbolivar/css/unsemantic/assets/stylesheets/unsemantic-grid-base-tablet-no-ie7-rtl.css'
2014-06-07 15:23:34: Copy New 'C:/wamp/www/anunciosbolivar/css/unsemantic/assets/stylesheets/unsemantic-grid-base-tablet-no-ie7.css' -> 'Z:/anunciosbolivar/css/unsemantic/assets/stylesheets/unsemantic-grid-base-tablet-no-ie7.css'
2014-06-07 15:23:34: Copy New 'C:/wamp/www/anunciosbolivar/css/unsemantic/assets/stylesheets/unsemantic-grid-base-tablet-rtl.css' -> 'Z:/anunciosbolivar/css/unsemantic/assets/stylesheets/unsemantic-grid-base-tablet-rtl.css'
2014-06-07 15:23:34: Copy New 'C:/wamp/www/anunciosbolivar/css/unsemantic/assets/stylesheets/unsemantic-grid-base-tablet.css' -> 'Z:/anunciosbolivar/css/unsemantic/assets/stylesheets/unsemantic-grid-base-tablet.css'
2014-06-07 15:23:35: Copy New 'C:/wamp/www/anunciosbolivar/css/unsemantic/assets/stylesheets/unsemantic-grid-base.css' -> 'Z:/anunciosbolivar/css/unsemantic/assets/stylesheets/unsemantic-grid-base.css'
2014-06-07 15:23:35: Copy New 'C:/wamp/www/anunciosbolivar/css/unsemantic/assets/stylesheets/unsemantic-grid-desktop-no-ie7-rtl.css' -> 'Z:/anunciosbolivar/css/unsemantic/assets/stylesheets/unsemantic-grid-desktop-no-ie7-rtl.css'
2014-06-07 15:23:35: Copy New 'C:/wamp/www/anunciosbolivar/css/unsemantic/assets/stylesheets/unsemantic-grid-desktop-no-ie7.css' -> 'Z:/anunciosbolivar/css/unsemantic/assets/stylesheets/unsemantic-grid-desktop-no-ie7.css'
2014-06-07 15:23:36: Copy New 'C:/wamp/www/anunciosbolivar/css/unsemantic/assets/stylesheets/unsemantic-grid-desktop-rtl.css' -> 'Z:/anunciosbolivar/css/unsemantic/assets/stylesheets/unsemantic-grid-desktop-rtl.css'
2014-06-07 15:23:36: Copy New 'C:/wamp/www/anunciosbolivar/css/unsemantic/assets/stylesheets/unsemantic-grid-desktop.css' -> 'Z:/anunciosbolivar/css/unsemantic/assets/stylesheets/unsemantic-grid-desktop.css'
2014-06-07 15:23:36: Copy New 'C:/wamp/www/anunciosbolivar/css/unsemantic/assets/stylesheets/unsemantic-grid-mobile-no-ie7-rtl.css' -> 'Z:/anunciosbolivar/css/unsemantic/assets/stylesheets/unsemantic-grid-mobile-no-ie7-rtl.css'
2014-06-07 15:23:36: Copy New 'C:/wamp/www/anunciosbolivar/css/unsemantic/assets/stylesheets/unsemantic-grid-mobile-no-ie7.css' -> 'Z:/anunciosbolivar/css/unsemantic/assets/stylesheets/unsemantic-grid-mobile-no-ie7.css'
2014-06-07 15:23:36: Copy New 'C:/wamp/www/anunciosbolivar/css/unsemantic/assets/stylesheets/unsemantic-grid-mobile-rtl.css' -> 'Z:/anunciosbolivar/css/unsemantic/assets/stylesheets/unsemantic-grid-mobile-rtl.css'
2014-06-07 15:23:36: Copy New 'C:/wamp/www/anunciosbolivar/css/unsemantic/assets/stylesheets/unsemantic-grid-mobile.css' -> 'Z:/anunciosbolivar/css/unsemantic/assets/stylesheets/unsemantic-grid-mobile.css'
2014-06-07 15:23:37: Copy New 'C:/wamp/www/anunciosbolivar/css/unsemantic/assets/stylesheets/unsemantic-grid-responsive-no-ie7-rtl.css' -> 'Z:/anunciosbolivar/css/unsemantic/assets/stylesheets/unsemantic-grid-responsive-no-ie7-rtl.css'
2014-06-07 15:23:37: Copy New 'C:/wamp/www/anunciosbolivar/css/unsemantic/assets/stylesheets/unsemantic-grid-responsive-no-ie7.css' -> 'Z:/anunciosbolivar/css/unsemantic/assets/stylesheets/unsemantic-grid-responsive-no-ie7.css'
2014-06-07 15:23:37: Copy New 'C:/wamp/www/anunciosbolivar/css/unsemantic/assets/stylesheets/unsemantic-grid-responsive-rtl.css' -> 'Z:/anunciosbolivar/css/unsemantic/assets/stylesheets/unsemantic-grid-responsive-rtl.css'
2014-06-07 15:23:37: Copy New 'C:/wamp/www/anunciosbolivar/css/unsemantic/assets/stylesheets/unsemantic-grid-responsive-tablet-no-ie7-rtl.css' -> 'Z:/anunciosbolivar/css/unsemantic/assets/stylesheets/unsemantic-grid-responsive-tablet-no-ie7-rtl.css'
2014-06-07 15:23:38: Copy New 'C:/wamp/www/anunciosbolivar/css/unsemantic/assets/stylesheets/unsemantic-grid-responsive-tablet-no-ie7.css' -> 'Z:/anunciosbolivar/css/unsemantic/assets/stylesheets/unsemantic-grid-responsive-tablet-no-ie7.css'
2014-06-07 15:23:38: Copy New 'C:/wamp/www/anunciosbolivar/css/unsemantic/assets/stylesheets/unsemantic-grid-responsive-tablet-rtl.css' -> 'Z:/anunciosbolivar/css/unsemantic/assets/stylesheets/unsemantic-grid-responsive-tablet-rtl.css'
2014-06-07 15:23:38: Copy New 'C:/wamp/www/anunciosbolivar/css/unsemantic/assets/stylesheets/unsemantic-grid-responsive-tablet.css' -> 'Z:/anunciosbolivar/css/unsemantic/assets/stylesheets/unsemantic-grid-responsive-tablet.css'
2014-06-07 15:23:38: Copy New 'C:/wamp/www/anunciosbolivar/css/unsemantic/assets/stylesheets/unsemantic-grid-responsive.css' -> 'Z:/anunciosbolivar/css/unsemantic/assets/stylesheets/unsemantic-grid-responsive.css'
2014-06-07 15:23:38: Copy New 'C:/wamp/www/anunciosbolivar/css/unsemantic/assets/stylesheets/unsemantic-grid-tablet-no-ie7-rtl.css' -> 'Z:/anunciosbolivar/css/unsemantic/assets/stylesheets/unsemantic-grid-tablet-no-ie7-rtl.css'
2014-06-07 15:23:38: Copy New 'C:/wamp/www/anunciosbolivar/css/unsemantic/assets/stylesheets/unsemantic-grid-tablet-no-ie7.css' -> 'Z:/anunciosbolivar/css/unsemantic/assets/stylesheets/unsemantic-grid-tablet-no-ie7.css'
2014-06-07 15:23:39: Copy New 'C:/wamp/www/anunciosbolivar/css/unsemantic/assets/stylesheets/unsemantic-grid-tablet-rtl.css' -> 'Z:/anunciosbolivar/css/unsemantic/assets/stylesheets/unsemantic-grid-tablet-rtl.css'
2014-06-07 15:23:39: Copy New 'C:/wamp/www/anunciosbolivar/css/unsemantic/assets/stylesheets/unsemantic-grid-tablet.css' -> 'Z:/anunciosbolivar/css/unsemantic/assets/stylesheets/unsemantic-grid-tablet.css'
2014-06-07 15:23:39: Copy New 'C:/wamp/www/anunciosbolivar/css/unsemantic/bower.json' -> 'Z:/anunciosbolivar/css/unsemantic/bower.json'
2014-06-07 15:23:39: Copy New 'C:/wamp/www/anunciosbolivar/css/unsemantic/config.rb' -> 'Z:/anunciosbolivar/css/unsemantic/config.rb'
2014-06-07 15:23:39: Copy New 'C:/wamp/www/anunciosbolivar/css/unsemantic/README.md' -> 'Z:/anunciosbolivar/css/unsemantic/README.md'
2014-06-07 15:23:39: Copy New 'C:/wamp/www/anunciosbolivar/css/unsemantic/responsive-rtl.html' -> 'Z:/anunciosbolivar/css/unsemantic/responsive-rtl.html'
2014-06-07 15:23:40: Copy New 'C:/wamp/www/anunciosbolivar/css/unsemantic/responsive.html' -> 'Z:/anunciosbolivar/css/unsemantic/responsive.html'
2014-06-07 15:23:40: Copy Over 'C:/wamp/www/anunciosbolivar/index.php' -> 'Z:/anunciosbolivar/index.php'
2014-06-07 15:23:40: Copy New 'C:/wamp/www/anunciosbolivar/js/jquery-migrate-1.2.1.min.js' -> 'Z:/anunciosbolivar/js/jquery-migrate-1.2.1.min.js'
2014-06-07 15:23:41: Copy Over 'C:/wamp/www/anunciosbolivar/js/jquery.js' -> 'Z:/anunciosbolivar/js/jquery.js'
2014-06-07 15:23:41: Copy Over 'Z:/anunciosbolivar/views/pubanuncio/frmprocanun.php' -> 'C:/wamp/www/anunciosbolivar/views/pubanuncio/frmprocanun.php'
2014-06-07 15:23:41: Copy Over 'Z:/anunciosbolivar/views/pubanuncio/prueba.php' -> 'C:/wamp/www/anunciosbolivar/views/pubanuncio/prueba.php'
2014-06-07 15:23:41: Copy Over 'Z:/anunciosbolivar/views/publicados/listados.php' -> 'C:/wamp/www/anunciosbolivar/views/publicados/listados.php'
2014-06-07 15:23:41: Items Synced OK: 110, Errors: 0
2014-06-07 15:23:41: == Sync Completed. Time: 00:00:21, Speed: 76,2 KB/s
2014-06-07 15:23:41: 
