2014-06-07 14:52:25: -- anunciaya: ANALYSIS started by On File Change, After Delay on 'EMILIA' (GoodSync 9.7.6.6)
2014-06-07 14:52:25: Z:\anunciosbolivar (Z:/anunciosbolivar) <-> C:\wamp\www\anunciosbolivar (C:/wamp/www/anunciosbolivar), UberUnlocked, OnFileChangeDelay=60
2014-06-07 14:52:25: Change in: Z:/anunciosbolivar/css/unsemantic-master/assets/sass/unsemantic-grid-responsive-no-ie7-rtl.scss
2014-06-07 14:52:25: Change in: Z:/anunciosbolivar/css/unsemantic-master/assets/stylesheets/unsemantic-grid-base-no-ie7-rtl.css
2014-06-07 14:52:25: Change in: Z:/anunciosbolivar/css/unsemantic-master/assets/sass/ie.scss
2014-06-07 14:52:25: Change in: Z:/anunciosbolivar/css/unsemantic-master/assets/stylesheets
2014-06-07 14:52:25: Change in: Z:/anunciosbolivar/css/unsemantic-master/assets/sass/unsemantic-grid-mobile-rtl.scss
2014-06-07 14:52:25: Change in: Z:/anunciosbolivar/css/unsemantic-master/assets/sass/unsemantic-grid-tablet.scss
2014-06-07 14:52:25: Change in: Z:/anunciosbolivar/css/unsemantic-master/assets/sass/unsemantic-grid-mobile.scss
2014-06-07 14:52:25: Change in: Z:/anunciosbolivar/css/unsemantic-master/assets/sass/unsemantic-grid-base-tablet-rtl.scss
2014-06-07 14:52:25: Change in: Z:/anunciosbolivar/css/unsemantic-master/adapt.html
2014-06-07 14:52:25: Change in: Z:/anunciosbolivar/css/unsemantic-master/assets/stylesheets/unsemantic-grid-responsive-rtl.css
2014-06-07 14:52:25: Change in: Z:/anunciosbolivar/css/unsemantic-master/assets/stylesheets/unsemantic-grid-mobile.css
2014-06-07 14:52:25: Change in: Z:/anunciosbolivar/css/unsemantic-master/assets/stylesheets/unsemantic-grid-base-tablet-no-ie7.css
2014-06-07 14:52:25: Change in: Z:/anunciosbolivar/css/unsemantic-master/assets/sass/partials
2014-06-07 14:52:25: Change in: Z:/anunciosbolivar/css/unsemantic-master/assets/stylesheets/unsemantic-grid-responsive-tablet.css
2014-06-07 14:52:25: Change in: Z:/anunciosbolivar/css/unsemantic-master/assets/stylesheets/unsemantic-grid-tablet-no-ie7-rtl.css
2014-06-07 14:52:25: Change in: Z:/anunciosbolivar/css/unsemantic-master/assets/sass/partials/_unsemantic-grid-responsive.scss
2014-06-07 14:52:25: Change in: Z:/anunciosbolivar/css/unsemantic-master/assets/sass/partials/_unsemantic-grid-responsive-tablet.scss
2014-06-07 14:52:25: Change in: Z:/anunciosbolivar/css/unsemantic-master/assets/sass/partials/_ie.scss
2014-06-07 14:52:25: Change in: Z:/anunciosbolivar/css/unsemantic-master/adapt-rtl.html
2014-06-07 14:52:25: Change in: Z:/anunciosbolivar/css/unsemantic-master/assets/sass/unsemantic-grid-responsive-tablet-rtl.scss
2014-06-07 14:52:25: Change in: Z:/anunciosbolivar/css/unsemantic-master/assets/sass/partials/_reset.scss
2014-06-07 14:52:25: Change in: Z:/anunciosbolivar/css/unsemantic-master/assets/stylesheets/unsemantic-grid-mobile-rtl.css
2014-06-07 14:52:25: Change in: Z:/anunciosbolivar/css/unsemantic-master/assets/stylesheets/unsemantic-grid-base-rtl.css
2014-06-07 14:52:25: Change in: Z:/anunciosbolivar/css/unsemantic-master/assets/sass/unsemantic-grid-desktop.scss
2014-06-07 14:52:25: Change in: Z:/anunciosbolivar/css/unsemantic-master/assets/javascripts/html5.js
2014-06-07 14:52:25: Change in: Z:/anunciosbolivar/css/unsemantic-master/assets/stylesheets/unsemantic-grid-responsive-no-ie7.css
2014-06-07 14:52:25: Change in: Z:/anunciosbolivar/css/unsemantic-master/assets/stylesheets/unsemantic-grid-base-tablet-rtl.css
2014-06-07 14:52:25: Change in: Z:/anunciosbolivar/css/unsemantic-master/assets/stylesheets/unsemantic-grid-responsive.css
2014-06-07 14:52:25: Change in: Z:/anunciosbolivar/css/unsemantic-master/assets/sass/partials/_unsemantic-ie-snap.scss
2014-06-07 14:52:25: Change in: Z:/anunciosbolivar/css/unsemantic-master/assets/sass/partials/_unsemantic-vars.scss
2014-06-07 14:52:25: Change in: Z:/anunciosbolivar/css/unsemantic-master/assets/sass/unsemantic-grid-desktop-no-ie7.scss
2014-06-07 14:52:25: Change in: Z:/anunciosbolivar/css/unsemantic-master/assets/javascripts
2014-06-07 14:52:25: Change in: Z:/anunciosbolivar/css/unsemantic-master/assets/stylesheets/unsemantic-grid-responsive-no-ie7-rtl.css
2014-06-07 14:52:25: Change in: Z:/anunciosbolivar/css/unsemantic-master/assets/stylesheets/unsemantic-grid-desktop.css
2014-06-07 14:52:25: Change in: Z:/anunciosbolivar/css/unsemantic-master
2014-06-07 14:52:25: Change in: Z:/anunciosbolivar/css/unsemantic-master/assets/sass/ie-rtl.scss
2014-06-07 14:52:25: Change in: Z:/anunciosbolivar/css/unsemantic-master/assets/sass/unsemantic-grid-desktop-no-ie7-rtl.scss
2014-06-07 14:52:25: Change in: Z:/anunciosbolivar/css/unsemantic-master/assets/stylesheets/ie.css
2014-06-07 14:52:25: Change in: Z:/anunciosbolivar/css/unsemantic-master/assets/sass/unsemantic-grid-base-tablet-no-ie7.scss
2014-06-07 14:52:25: Change in: Z:/anunciosbolivar/css/unsemantic-master/assets/sass/unsemantic-grid-mobile-no-ie7-rtl.scss
2014-06-07 14:52:25: Change in: Z:/anunciosbolivar/css/unsemantic-master/assets/sass/unsemantic-grid-responsive-tablet.scss
2014-06-07 14:52:25: Change in: Z:/anunciosbolivar/css/unsemantic-master/assets/sass/unsemantic-grid-desktop-rtl.scss
2014-06-07 14:52:25: Change in: Z:/anunciosbolivar/css/unsemantic-master/assets/sass
2014-06-07 14:52:25: Change in: Z:/anunciosbolivar/css/unsemantic-master/assets/javascripts/jquery.js
2014-06-07 14:52:25: Change in: Z:/anunciosbolivar/css/unsemantic-master/assets/sass/unsemantic-grid-base.scss
2014-06-07 14:52:25: Change in: Z:/anunciosbolivar/css/unsemantic-master/config.rb
2014-06-07 14:52:25: Change in: Z:/anunciosbolivar/css/unsemantic-master/assets/sass/unsemantic-grid-base-rtl.scss
2014-06-07 14:52:25: Change in: Z:/anunciosbolivar/css/unsemantic-master/assets/stylesheets/unsemantic-grid-tablet-rtl.css
2014-06-07 14:52:25: Change in: Z:/anunciosbolivar/css/unsemantic-master/assets/stylesheets/unsemantic-grid-desktop-no-ie7.css
2014-06-07 14:52:25: Change in: Z:/anunciosbolivar/css/unsemantic-master/assets/sass/unsemantic-grid-base-no-ie7.scss
2014-06-07 14:52:25: Change in: Z:/anunciosbolivar/css/unsemantic-master/.gitignore
2014-06-07 14:52:25: Change in: Z:/anunciosbolivar/views/pubanuncio/frmprocanun.php
2014-06-07 14:52:25: Change in: Z:/anunciosbolivar/css/unsemantic-master/assets/stylesheets/unsemantic-grid-base-tablet.css
2014-06-07 14:52:25: Change in: Z:/anunciosbolivar/views/publicados/listados.php
2014-06-07 14:52:25: Change in: Z:/anunciosbolivar/css/unsemantic-master/assets/stylesheets/unsemantic-grid-desktop-no-ie7-rtl.css
2014-06-07 14:52:25: Change in: Z:/anunciosbolivar/css/unsemantic-master/assets
2014-06-07 14:52:25: Change in: Z:/anunciosbolivar/css/unsemantic-master/assets/sass/unsemantic-grid-tablet-no-ie7.scss
2014-06-07 14:52:25: Change in: Z:/anunciosbolivar/css/unsemantic-master/assets/stylesheets/unsemantic-grid-mobile-no-ie7.css
2014-06-07 14:52:25: Change in: Z:/anunciosbolivar/css/unsemantic-master/assets/stylesheets/unsemantic-grid-mobile-no-ie7-rtl.css
2014-06-07 14:52:25: Change in: Z:/anunciosbolivar/css/unsemantic-master/assets/stylesheets/unsemantic-grid-base-no-ie7.css
2014-06-07 14:52:25: Change in: Z:/anunciosbolivar/css/unsemantic-master/assets/sass/unsemantic-grid-responsive-tablet-no-ie7-rtl.scss
2014-06-07 14:52:25: Change in: Z:/anunciosbolivar/css/unsemantic-master/assets/sass/unsemantic-grid-responsive-rtl.scss
2014-06-07 14:52:25: Change in: Z:/anunciosbolivar/css/unsemantic-master/assets/sass/unsemantic-grid-base-tablet-no-ie7-rtl.scss
2014-06-07 14:52:25: Change in: Z:/anunciosbolivar/css/unsemantic-master/responsive.html
2014-06-07 14:52:25: Change in: Z:/anunciosbolivar/css/unsemantic-master/bower.json
2014-06-07 14:52:25: Change in: Z:/anunciosbolivar/css/unsemantic-master/assets/sass/unsemantic-grid-tablet-no-ie7-rtl.scss
2014-06-07 14:52:25: Change in: Z:/anunciosbolivar/css/unsemantic-master/assets/sass/unsemantic-grid-base-no-ie7-rtl.scss
2014-06-07 14:52:25: Change in: Z:/anunciosbolivar/css/unsemantic-master/assets/stylesheets/unsemantic-grid-base-tablet-no-ie7-rtl.css
2014-06-07 14:52:25: Change in: Z:/anunciosbolivar/css/unsemantic-master/assets/sass/unsemantic-grid-tablet-rtl.scss
2014-06-07 14:52:25: Change in: Z:/anunciosbolivar/css/unsemantic-master/assets/sass/unsemantic-grid-responsive-tablet-no-ie7.scss
2014-06-07 14:52:25: Change in: Z:/anunciosbolivar/css/unsemantic-master/assets/sass/unsemantic-grid-responsive.scss
2014-06-07 14:52:25: Change in: Z:/anunciosbolivar/css/unsemantic-master/assets/javascripts/demo.js
2014-06-07 14:52:25: Change in: Z:/anunciosbolivar/css/unsemantic-master/assets/sass/demo.scss
2014-06-07 14:52:25: Change in: Z:/anunciosbolivar/css/unsemantic-master/README.md
2014-06-07 14:52:25: Change in: Z:/anunciosbolivar/css/unsemantic-master/assets/stylesheets/unsemantic-grid-responsive-tablet-rtl.css
2014-06-07 14:52:25: Change in: Z:/anunciosbolivar/css/unsemantic-master/assets/stylesheets/unsemantic-grid-responsive-tablet-no-ie7-rtl.css
2014-06-07 14:52:25: Change in: Z:/anunciosbolivar/css/unsemantic-master/assets/stylesheets/ie-rtl.css
2014-06-07 14:52:25: Change in: Z:/anunciosbolivar/css/unsemantic-master/responsive-rtl.html
2014-06-07 14:52:25: Change in: Z:/anunciosbolivar/css/unsemantic-master/assets/stylesheets/unsemantic-grid-tablet.css
2014-06-07 14:52:26: Change in: Z:/anunciosbolivar/css/unsemantic-master/assets/stylesheets/unsemantic-grid-desktop-rtl.css
2014-06-07 14:52:26: Change in: Z:/anunciosbolivar/css/unsemantic-master/assets/stylesheets/demo.css
2014-06-07 14:52:26: Change in: Z:/anunciosbolivar/css/unsemantic-master/assets/sass/partials/_demo.scss
2014-06-07 14:52:26: Change in: Z:/anunciosbolivar/css/unsemantic-master/assets/sass/unsemantic-grid-responsive-no-ie7.scss
2014-06-07 14:52:26: Change in: Z:/anunciosbolivar/css/unsemantic-master/assets/sass/partials/_text.scss
2014-06-07 14:52:26: Change in: Z:/anunciosbolivar/css/unsemantic-master/assets/sass/unsemantic-grid-base-tablet.scss
2014-06-07 14:52:26: Change in: Z:/anunciosbolivar/css/unsemantic-master/assets/stylesheets/unsemantic-grid-base.css
2014-06-07 14:52:26: Change in: Z:/anunciosbolivar/css/unsemantic-master/assets/javascripts/adapt.min.js
2014-06-07 14:52:26: Change in: Z:/anunciosbolivar/css/unsemantic-master/assets/stylesheets/unsemantic-grid-tablet-no-ie7.css
2014-06-07 14:52:26: Change in: Z:/anunciosbolivar/css/unsemantic-master/assets/sass/unsemantic-grid-mobile-no-ie7.scss
2014-06-07 14:52:26: Change in: Z:/anunciosbolivar/css/unsemantic-master/assets/stylesheets/unsemantic-grid-responsive-tablet-no-ie7.css
2014-06-07 14:52:26: Change in: C:/wamp/www/anunciosbolivar/css/unsemantic-master/assets/sass/unsemantic-grid-responsive-no-ie7-rtl.scss
2014-06-07 14:52:26: Change in: C:/wamp/www/anunciosbolivar/css/unsemantic-master/assets/stylesheets/unsemantic-grid-base-no-ie7-rtl.css
2014-06-07 14:52:26: Change in: C:/wamp/www/anunciosbolivar/css/unsemantic-master/assets/sass/ie.scss
2014-06-07 14:52:26: Change in: C:/wamp/www/anunciosbolivar/css/bootstrap-3.1.1-dist/js/bootstrap.min.js
2014-06-07 14:52:26: Change in: C:/wamp/www/anunciosbolivar/css/unsemantic-master/assets/stylesheets
2014-06-07 14:52:26: Change in: C:/wamp/www/anunciosbolivar/css/unsemantic-master/assets/sass/unsemantic-grid-mobile-rtl.scss
2014-06-07 14:52:26: Change in: C:/wamp/www/anunciosbolivar/css/unsemantic-master/assets/sass/unsemantic-grid-tablet.scss
2014-06-07 14:52:26: Change in: C:/wamp/www/anunciosbolivar/css/unsemantic-master/assets/sass/unsemantic-grid-mobile.scss
2014-06-07 14:52:26: Change in: C:/wamp/www/anunciosbolivar/css/unsemantic-master/assets/sass/unsemantic-grid-base-tablet-rtl.scss
2014-06-07 14:52:26: Change in: C:/wamp/www/anunciosbolivar/css/unsemantic-master/adapt.html
2014-06-07 14:52:26: Change in: C:/wamp/www/anunciosbolivar/css/unsemantic-master/assets/stylesheets/unsemantic-grid-responsive-rtl.css
2014-06-07 14:52:26: Change in: C:/wamp/www/anunciosbolivar/css/unsemantic-master/assets/stylesheets/unsemantic-grid-mobile.css
2014-06-07 14:52:26: Change in: C:/wamp/www/anunciosbolivar/css/unsemantic-master/assets/stylesheets/unsemantic-grid-base-tablet-no-ie7.css
2014-06-07 14:52:26: Change in: C:/wamp/www/anunciosbolivar/css/unsemantic-master/assets/sass/partials
2014-06-07 14:52:26: Change in: C:/wamp/www/anunciosbolivar/css/unsemantic-master/assets/stylesheets/unsemantic-grid-responsive-tablet.css
2014-06-07 14:52:26: Change in: C:/wamp/www/anunciosbolivar/css/bootstrap-3.1.1-dist
2014-06-07 14:52:26: Change in: C:/wamp/www/anunciosbolivar/css/unsemantic-master/assets/stylesheets/unsemantic-grid-tablet-no-ie7-rtl.css
2014-06-07 14:52:26: Change in: C:/wamp/www/anunciosbolivar/css/unsemantic-master/assets/sass/partials/_unsemantic-grid-responsive.scss
2014-06-07 14:52:26: Change in: C:/wamp/www/anunciosbolivar/css/unsemantic-master/assets/sass/partials/_unsemantic-grid-responsive-tablet.scss
2014-06-07 14:52:26: Change in: C:/wamp/www/anunciosbolivar/css/unsemantic-master/assets/sass/partials/_ie.scss
2014-06-07 14:52:26: Change in: C:/wamp/www/anunciosbolivar/css/unsemantic-master/adapt-rtl.html
2014-06-07 14:52:26: Change in: C:/wamp/www/anunciosbolivar/css/bootstrap-3.1.1-dist/css/bootstrap-theme.css
2014-06-07 14:52:26: Change in: C:/wamp/www/anunciosbolivar/css/unsemantic-master/assets/sass/unsemantic-grid-responsive-tablet-rtl.scss
2014-06-07 14:52:26: Change in: C:/wamp/www/anunciosbolivar/css/unsemantic-master/assets/sass/partials/_reset.scss
2014-06-07 14:52:26: Change in: C:/wamp/www/anunciosbolivar/css/unsemantic-master/assets/stylesheets/unsemantic-grid-mobile-rtl.css
2014-06-07 14:52:26: Change in: C:/wamp/www/anunciosbolivar/css/unsemantic-master/assets/stylesheets/unsemantic-grid-base-rtl.css
2014-06-07 14:52:26: Change in: C:/wamp/www/anunciosbolivar/css/unsemantic-master/assets/sass/unsemantic-grid-desktop.scss
2014-06-07 14:52:26: Change in: C:/wamp/www/anunciosbolivar/css/unsemantic-master/assets/javascripts/html5.js
2014-06-07 14:52:26: Change in: C:/wamp/www/anunciosbolivar/css/unsemantic
2014-06-07 14:52:26: Change in: C:/wamp/www/anunciosbolivar/css/bootstrap-3.1.1-dist/js
2014-06-07 14:52:26: Change in: C:/wamp/www/anunciosbolivar/css/unsemantic-master/assets/stylesheets/unsemantic-grid-responsive-no-ie7.css
2014-06-07 14:52:26: Change in: C:/wamp/www/anunciosbolivar/css/unsemantic-master/assets/stylesheets/unsemantic-grid-base-tablet-rtl.css
2014-06-07 14:52:26: Change in: C:/wamp/www/anunciosbolivar/css/bootstrap-3.1.1-dist/css/bootstrap-theme.min.css
2014-06-07 14:52:26: Change in: C:/wamp/www/anunciosbolivar/css/unsemantic-master/assets/stylesheets/unsemantic-grid-responsive.css
2014-06-07 14:52:26: Change in: C:/wamp/www/anunciosbolivar/css/bootstrap
2014-06-07 14:52:26: Change in: C:/wamp/www/anunciosbolivar/css/bootstrap-3.1.1-dist/css/bootstrap.css.map
2014-06-07 14:52:26: Change in: C:/wamp/www/anunciosbolivar/css/unsemantic-master/assets/sass/partials/_unsemantic-vars.scss
2014-06-07 14:52:26: Change in: C:/wamp/www/anunciosbolivar/css/unsemantic-master/assets/sass/partials/_unsemantic-ie-snap.scss
2014-06-07 14:52:26: Change in: C:/wamp/www/anunciosbolivar/css/unsemantic-master/assets/sass/unsemantic-grid-desktop-no-ie7.scss
2014-06-07 14:52:26: Change in: C:/wamp/www/anunciosbolivar/css/unsemantic-master/assets/javascripts
2014-06-07 14:52:26: Change in: C:/wamp/www/anunciosbolivar/css/unsemantic-master/assets/stylesheets/unsemantic-grid-responsive-no-ie7-rtl.css
2014-06-07 14:52:26: Change in: C:/wamp/www/anunciosbolivar/css/unsemantic-master/assets/stylesheets/unsemantic-grid-desktop.css
2014-06-07 14:52:26: Change in: C:/wamp/www/anunciosbolivar/css/unsemantic-master/assets/sass/unsemantic-grid-desktop-no-ie7-rtl.scss
2014-06-07 14:52:26: Change in: C:/wamp/www/anunciosbolivar/css/unsemantic-master/assets/sass/ie-rtl.scss
2014-06-07 14:52:26: Change in: C:/wamp/www/anunciosbolivar/css/unsemantic-master
2014-06-07 14:52:26: Change in: C:/wamp/www/anunciosbolivar/css/bootstrap-3.1.1-dist/fonts
2014-06-07 14:52:26: Change in: C:/wamp/www/anunciosbolivar/css/unsemantic-master/assets/stylesheets/ie.css
2014-06-07 14:52:26: Change in: C:/wamp/www/anunciosbolivar/css/unsemantic-master/assets/sass/unsemantic-grid-mobile-no-ie7-rtl.scss
2014-06-07 14:52:26: Change in: C:/wamp/www/anunciosbolivar/css/unsemantic-master/assets/sass/unsemantic-grid-base-tablet-no-ie7.scss
2014-06-07 14:52:26: Change in: C:/wamp/www/anunciosbolivar/css/unsemantic-master/assets/sass/unsemantic-grid-responsive-tablet.scss
2014-06-07 14:52:26: Change in: C:/wamp/www/anunciosbolivar/css/unsemantic-master/assets/sass/unsemantic-grid-desktop-rtl.scss
2014-06-07 14:52:26: Change in: C:/wamp/www/anunciosbolivar/css/unsemantic-master/assets/sass
2014-06-07 14:52:26: Change in: C:/wamp/www/anunciosbolivar/css/unsemantic-master/assets/sass/unsemantic-grid-base.scss
2014-06-07 14:52:26: Change in: C:/wamp/www/anunciosbolivar/css/unsemantic-master/assets/javascripts/jquery.js
2014-06-07 14:52:26: Change in: C:/wamp/www/anunciosbolivar/css/unsemantic-master/config.rb
2014-06-07 14:52:26: Change in: C:/wamp/www/anunciosbolivar/css/unsemantic-master/assets/sass/unsemantic-grid-base-rtl.scss
2014-06-07 14:52:26: Change in: C:/wamp/www/anunciosbolivar/css/unsemantic-master/assets/stylesheets/unsemantic-grid-tablet-rtl.css
2014-06-07 14:52:26: Change in: C:/wamp/www/anunciosbolivar/css/unsemantic-master/assets/stylesheets/unsemantic-grid-desktop-no-ie7.css
2014-06-07 14:52:26: Change in: C:/wamp/www/anunciosbolivar/css/unsemantic-master/assets/sass/unsemantic-grid-base-no-ie7.scss
2014-06-07 14:52:26: Change in: C:/wamp/www/anunciosbolivar/css/unsemantic-master/.gitignore
2014-06-07 14:52:26: Change in: C:/wamp/www/anunciosbolivar/views/pubanuncio/frmprocanun.php
2014-06-07 14:52:26: Change in: C:/wamp/www/anunciosbolivar/css/unsemantic-master/assets/stylesheets/unsemantic-grid-base-tablet.css
2014-06-07 14:52:26: Change in: C:/wamp/www/anunciosbolivar/views/publicados/listados.php
2014-06-07 14:52:26: Change in: C:/wamp/www/anunciosbolivar/css/unsemantic-master/assets/stylesheets/unsemantic-grid-desktop-no-ie7-rtl.css
2014-06-07 14:52:26: Change in: C:/wamp/www/anunciosbolivar/css/unsemantic-master/assets
2014-06-07 14:52:26: Change in: C:/wamp/www/anunciosbolivar/css/bootstrap-3.1.1-dist/css/bootstrap.min.css
2014-06-07 14:52:26: Change in: C:/wamp/www/anunciosbolivar/css/unsemantic-master/assets/sass/unsemantic-grid-tablet-no-ie7.scss
2014-06-07 14:52:26: Change in: C:/wamp/www/anunciosbolivar/css/unsemantic-master/assets/stylesheets/unsemantic-grid-mobile-no-ie7.css
2014-06-07 14:52:26: Change in: C:/wamp/www/anunciosbolivar/css/unsemantic-master/assets/stylesheets/unsemantic-grid-mobile-no-ie7-rtl.css
2014-06-07 14:52:26: Change in: C:/wamp/www/anunciosbolivar/css/unsemantic-master/assets/stylesheets/unsemantic-grid-base-no-ie7.css
2014-06-07 14:52:26: Change in: C:/wamp/www/anunciosbolivar/css/unsemantic-master/assets/sass/unsemantic-grid-responsive-tablet-no-ie7-rtl.scss
2014-06-07 14:52:26: Change in: C:/wamp/www/anunciosbolivar/css/unsemantic-master/assets/sass/unsemantic-grid-responsive-rtl.scss
2014-06-07 14:52:26: Change in: C:/wamp/www/anunciosbolivar/css/unsemantic-master/assets/sass/unsemantic-grid-base-tablet-no-ie7-rtl.scss
2014-06-07 14:52:26: Change in: C:/wamp/www/anunciosbolivar/css/bootstrap-3.1.1-dist/js/bootstrap.js
2014-06-07 14:52:26: Change in: C:/wamp/www/anunciosbolivar/css/unsemantic-master/responsive.html
2014-06-07 14:52:26: Change in: C:/wamp/www/anunciosbolivar/css/unsemantic-master/bower.json
2014-06-07 14:52:26: Change in: C:/wamp/www/anunciosbolivar/css/unsemantic-master/assets/sass/unsemantic-grid-tablet-no-ie7-rtl.scss
2014-06-07 14:52:26: Change in: C:/wamp/www/anunciosbolivar/css/unsemantic-master/assets/sass/unsemantic-grid-base-no-ie7-rtl.scss
2014-06-07 14:52:26: Change in: C:/wamp/www/anunciosbolivar/css/bootstrap-3.1.1-dist/fonts/glyphicons-halflings-regular.svg
2014-06-07 14:52:26: Change in: C:/wamp/www/anunciosbolivar/css/unsemantic-master/assets/stylesheets/unsemantic-grid-base-tablet-no-ie7-rtl.css
2014-06-07 14:52:26: Change in: C:/wamp/www/anunciosbolivar/css/unsemantic-master/assets/sass/unsemantic-grid-tablet-rtl.scss
2014-06-07 14:52:26: Change in: C:/wamp/www/anunciosbolivar/css/unsemantic-master/assets/sass/unsemantic-grid-responsive-tablet-no-ie7.scss
2014-06-07 14:52:26: Change in: C:/wamp/www/anunciosbolivar/css/unsemantic-master/assets/sass/unsemantic-grid-responsive.scss
2014-06-07 14:52:26: Change in: C:/wamp/www/anunciosbolivar/css/unsemantic-master/assets/sass/demo.scss
2014-06-07 14:52:26: Change in: C:/wamp/www/anunciosbolivar/css/unsemantic-master/assets/javascripts/demo.js
2014-06-07 14:52:26: Change in: C:/wamp/www/anunciosbolivar/css/unsemantic-master/README.md
2014-06-07 14:52:26: Change in: C:/wamp/www/anunciosbolivar/css/unsemantic-master/assets/stylesheets/unsemantic-grid-responsive-tablet-rtl.css
2014-06-07 14:52:26: Change in: C:/wamp/www/anunciosbolivar/css/bootstrap-3.1.1-dist/css
2014-06-07 14:52:26: Change in: C:/wamp/www/anunciosbolivar/css/unsemantic-master/assets/stylesheets/unsemantic-grid-responsive-tablet-no-ie7-rtl.css
2014-06-07 14:52:26: Change in: C:/wamp/www/anunciosbolivar/css/unsemantic-master/assets/stylesheets/ie-rtl.css
2014-06-07 14:52:26: Change in: C:/wamp/www/anunciosbolivar/css/unsemantic-master/responsive-rtl.html
2014-06-07 14:52:26: Change in: C:/wamp/www/anunciosbolivar/css/unsemantic-master/assets/stylesheets/unsemantic-grid-tablet.css
2014-06-07 14:52:26: Change in: C:/wamp/www/anunciosbolivar/css/unsemantic-master/assets/stylesheets/unsemantic-grid-desktop-rtl.css
2014-06-07 14:52:26: Change in: C:/wamp/www/anunciosbolivar/css/unsemantic-master/assets/stylesheets/demo.css
2014-06-07 14:52:26: Change in: C:/wamp/www/anunciosbolivar/css/unsemantic-master/assets/sass/partials/_demo.scss
2014-06-07 14:52:26: Change in: C:/wamp/www/anunciosbolivar/css/unsemantic-master/assets/sass/unsemantic-grid-responsive-no-ie7.scss
2014-06-07 14:52:26: Change in: C:/wamp/www/anunciosbolivar/css/unsemantic-master/assets/sass/unsemantic-grid-base-tablet.scss
2014-06-07 14:52:26: Change in: C:/wamp/www/anunciosbolivar/css/unsemantic-master/assets/sass/partials/_text.scss
2014-06-07 14:52:26: Change in: C:/wamp/www/anunciosbolivar/css/bootstrap-3.1.1-dist/css/bootstrap-theme.css.map
2014-06-07 14:52:26: Change in: C:/wamp/www/anunciosbolivar/css/unsemantic-master/assets/stylesheets/unsemantic-grid-base.css
2014-06-07 14:52:26: Change in: C:/wamp/www/anunciosbolivar/css/unsemantic-master/assets/javascripts/adapt.min.js
2014-06-07 14:52:26: Change in: C:/wamp/www/anunciosbolivar/css/unsemantic-master/assets/stylesheets/unsemantic-grid-tablet-no-ie7.css
2014-06-07 14:52:26: Change in: C:/wamp/www/anunciosbolivar/css/bootstrap-3.1.1-dist/fonts/glyphicons-halflings-regular.eot
2014-06-07 14:52:26: Change in: C:/wamp/www/anunciosbolivar/css/bootstrap-3.1.1-dist/fonts/glyphicons-halflings-regular.woff
2014-06-07 14:52:26: Change in: C:/wamp/www/anunciosbolivar/css/unsemantic-master/assets/sass/unsemantic-grid-mobile-no-ie7.scss
2014-06-07 14:52:26: Change in: C:/wamp/www/anunciosbolivar/css/unsemantic-master/assets/stylesheets/unsemantic-grid-responsive-tablet-no-ie7.css
2014-06-07 14:52:26: Change in: C:/wamp/www/anunciosbolivar/css/bootstrap-3.1.1-dist/css/bootstrap.css
2014-06-07 14:52:26: Change in: C:/wamp/www/anunciosbolivar/css/bootstrap-3.1.1-dist/fonts/glyphicons-halflings-regular.ttf
2014-06-07 14:52:26: Changes: 106, Conflicts: 0, CopyTime: 0, CopyState: 0/0, Errors: 0
2014-06-07 14:52:26: Left to Right: Copy File: 2 
2014-06-07 14:52:26: Right to Left: Copy File: 104 
2014-06-07 14:52:26: -- Analysis Completed. Time 00:00:01, Speed: 152 files/s
2014-06-07 14:52:26: == anunciaya: SYNC started by On File Change, After Delay on 'EMILIA'
2014-06-07 14:52:26: Z:\anunciosbolivar (Z:/anunciosbolivar) <-> C:\wamp\www\anunciosbolivar (C:/wamp/www/anunciosbolivar), UberUnlocked, OnFileChangeDelay=60
2014-06-07 14:52:26: 69% (106 / 152) files have changed, more than a threshold of 30%. So the job will not synchronize automatically.
2014-06-07 14:52:26: 
